ERROR-products_logger-2024-03-05 18:57:40,421-Some get_products error
ERROR-products_logger-2024-03-05 18:57:40,421-Some get_products error
ERROR:products_logger-2024-03-05 18:57:51,905-Some get_products error
ERROR:products_logger-2024-03-05 18:57:51,905-Some get_products error
ERROR:products_logger-2024-03-05 18:58:03,737-Some get_products error
ERROR:products_logger-2024-03-05 18:58:03,737-Some get_products error
ERROR:products_logger-2024-03-05 19:14:17,071-Some add_product error
ERROR:products_logger-2024-03-05 19:14:17,071-Some add_product error
ERROR:products_logger-2024-03-05 19:15:02,176-Some add_product error
ERROR:products_logger-2024-03-05 19:15:02,176-Some add_product error
ERROR:products_logger-2024-03-05 19:15:19,420-Some add_product error
ERROR:products_logger-2024-03-05 19:15:19,420-Some add_product error
ERROR:products_logger-2024-03-05 19:16:48,897-Some add_product error
ERROR:products_logger-2024-03-05 19:16:48,897-Some add_product error
ERROR:products_logger-2024-03-05 19:17:06,757-Some add_product error
ERROR:products_logger-2024-03-05 19:17:06,757-Some add_product error
ERROR:products_logger-2024-03-05 19:19:29,117-Some add_category error
ERROR:products_logger-2024-03-05 19:19:29,117-Some add_category error
ERROR:products_logger-2024-03-05 19:19:35,503-Some add_category error
ERROR:products_logger-2024-03-05 19:19:35,503-Some add_category error
ERROR:products_logger-2024-03-05 19:22:47,218-Some add_category error
ERROR:products_logger-2024-03-05 19:22:47,218-Some add_category error
ERROR:products_logger-2024-03-05 19:24:34,643-Some add_product error
ERROR:products_logger-2024-03-05 19:24:34,643-Some add_product error
ERROR:products_logger-2024-03-05 19:24:45,017-Some add_product error
ERROR:products_logger-2024-03-05 19:24:45,017-Some add_product error
ERROR:products_logger-2024-03-05 19:25:01,028-Some add_product error
ERROR:products_logger-2024-03-05 19:25:01,028-Some add_product error
ERROR:products_logger-2024-03-05 19:43:05,257-Some add_product error
ERROR:products_logger-2024-03-05 19:43:05,257-Some add_product error
ERROR:products_logger-2024-03-05 19:44:02,320-Some add_product error
ERROR:products_logger-2024-03-05 19:44:02,320-Some add_product error
ERROR:products_logger-2024-03-05 19:44:48,785-Some add_product error
ERROR:products_logger-2024-03-05 19:44:48,785-Some add_product error
ERROR:products_logger-2024-03-05 19:46:22,833-Some add_product error
ERROR:products_logger-2024-03-05 19:46:22,833-Some add_product error
ERROR:products_logger-2024-03-05 19:46:39,954-Some add_product error
ERROR:products_logger-2024-03-05 19:46:39,954-Some add_product error
ERROR:products_logger-2024-03-05 19:46:46,445-Some add_product error
ERROR:products_logger-2024-03-05 19:46:46,445-Some add_product error
ERROR:products_logger-2024-03-05 19:47:42,184-Some add_product error
ERROR:products_logger-2024-03-05 19:47:42,184-Some add_product error
ERROR:products_logger-2024-03-05 19:48:03,721-Some add_product error
ERROR:products_logger-2024-03-05 19:48:03,721-Some add_product error
ERROR:products_logger-2024-03-05 19:49:49,507-Some add_product error
ERROR:products_logger-2024-03-05 19:49:49,507-Some add_product error
ERROR:products_logger-2024-03-05 19:51:22,246-Some add_product error
ERROR:products_logger-2024-03-05 19:51:22,246-Some add_product error
ERROR:products_logger-2024-03-05 19:51:36,331-Some add_product error
ERROR:products_logger-2024-03-05 19:51:36,331-Some add_product error
ERROR:products_logger-2024-03-05 19:53:50,133-Some add_product error
ERROR:products_logger-2024-03-05 19:53:50,133-Some add_product error
ERROR:products_logger-2024-03-05 19:54:00,986-Some add_product error
ERROR:products_logger-2024-03-05 19:54:00,986-Some add_product error
ERROR:products_logger-2024-03-06 18:25:07,084-Some add_product error
ERROR:products_logger-2024-03-06 18:25:07,084-Some add_product error
ERROR:products_logger-2024-03-06 18:26:23,074-Some add_product error
ERROR:products_logger-2024-03-06 18:26:23,074-Some add_product error
ERROR:products_logger-2024-03-06 18:26:27,468-Some add_product error
ERROR:products_logger-2024-03-06 18:26:27,468-Some add_product error
ERROR:products_logger-2024-03-06 18:27:01,320-Some add_product error
ERROR:products_logger-2024-03-06 18:27:01,320-Some add_product error
ERROR:products_logger-2024-03-06 18:28:42,015-Some add_product error
ERROR:products_logger-2024-03-06 18:28:42,015-Some add_product error
ERROR:products_logger-2024-03-06 18:29:53,308-Some add_product error
ERROR:products_logger-2024-03-06 18:29:53,308-Some add_product error
ERROR:products_logger-2024-03-06 18:30:12,841-Some add_product error
ERROR:products_logger-2024-03-06 18:30:12,841-Some add_product error
ERROR:products_logger-2024-03-06 18:30:17,432-Some add_category error
ERROR:products_logger-2024-03-06 18:30:17,432-Some add_category error
ERROR:products_logger-2024-03-06 18:30:31,441-Some add_product error
ERROR:products_logger-2024-03-06 18:30:31,441-Some add_product error
ERROR:products_logger-2024-03-06 18:30:38,055-Some add_product error
ERROR:products_logger-2024-03-06 18:30:38,055-Some add_product error
ERROR:products_logger-2024-03-06 18:31:59,075-Some add_product error
ERROR:products_logger-2024-03-06 18:31:59,075-Some add_product error
ERROR:products_logger-2024-03-06 18:33:26,912-Some add_category error
ERROR:products_logger-2024-03-06 18:33:26,912-Some add_category error
ERROR:products_logger-2024-03-06 18:33:43,758-Some add_product error
ERROR:products_logger-2024-03-06 18:33:43,758-Some add_product error
ERROR:products_logger-2024-03-06 18:51:52,235-Some add_category error
ERROR:products_logger-2024-03-06 18:51:52,235-Some add_category error
ERROR:products_logger-2024-03-06 18:52:01,801-Some add_category error
ERROR:products_logger-2024-03-06 18:52:01,801-Some add_category error
ERROR:products_logger-2024-03-06 19:10:05,586-Some get_categories error
ERROR:products_logger-2024-03-06 19:10:05,586-Some get_categories error
ERROR:products_logger-2024-03-06 19:13:38,336-Some add_product error
ERROR:products_logger-2024-03-06 19:13:38,336-Some add_product error
ERROR:products_logger-2024-03-06 19:13:52,526-Some add_product error
ERROR:products_logger-2024-03-06 19:13:52,526-Some add_product error
ERROR:products_logger-2024-03-06 19:21:48,677-Some add_product error
ERROR:products_logger-2024-03-06 19:21:48,677-Some add_product error
ERROR:products_logger-2024-03-06 19:22:06,419-Some add_product error
ERROR:products_logger-2024-03-06 19:22:06,419-Some add_product error
ERROR:products_logger-2024-03-06 19:22:24,924-Some add_product error
ERROR:products_logger-2024-03-06 19:22:24,924-Some add_product error
ERROR:products_logger-2024-03-06 19:23:40,349-Some add_product error
ERROR:products_logger-2024-03-06 19:23:40,349-Some add_product error
ERROR:products_logger-2024-03-06 19:24:42,298-Some add_product error
ERROR:products_logger-2024-03-06 19:24:42,298-Some add_product error
ERROR:products_logger-2024-03-06 19:26:13,285-Some get_products error
ERROR:products_logger-2024-03-06 19:26:13,285-Some get_products error
ERROR:products_logger-2024-03-06 19:33:24,540-Some get_products error
ERROR:products_logger-2024-03-06 19:33:24,540-Some get_products error
ERROR:products_logger-2024-03-06 19:33:30,070-Some get_products error
ERROR:products_logger-2024-03-06 19:33:30,070-Some get_products error
ERROR:products_logger-2024-03-06 20:19:36,157-Some get_products error
ERROR:products_logger-2024-03-06 20:19:36,157-Some get_products error
ERROR:products_logger-2024-03-06 20:20:13,279-Some get_products error
ERROR:products_logger-2024-03-06 20:20:13,279-Some get_products error
ERROR:products_logger-2024-03-06 20:20:25,450-Some get_products error
ERROR:products_logger-2024-03-06 20:20:25,450-Some get_products error
ERROR:products_logger-2024-03-06 20:21:09,155-Some get_products error
ERROR:products_logger-2024-03-06 20:21:09,155-Some get_products error
ERROR:products_logger-2024-03-06 20:21:50,357-Some get_products error
ERROR:products_logger-2024-03-06 20:21:50,357-Some get_products error
ERROR:products_logger-2024-03-06 20:22:23,993-Some get_products error
ERROR:products_logger-2024-03-06 20:22:29,380-Some get_products error
ERROR:products_logger-2024-03-06 20:23:02,004-Some get_products error
ERROR:products_logger-2024-03-06 20:23:38,203-Some add_product error
ERROR:products_logger-2024-03-06 20:23:45,700-Some add_category error
ERROR:products_logger-2024-03-06 20:24:55,182-Some add_category error
ERROR:products_logger-2024-03-07 13:24:22,214-Some add_product error
ERROR:products_logger-2024-03-07 13:24:41,932-Some add_product error
ERROR:products_logger-2024-03-07 13:24:44,872-Some add_product error
ERROR:products_logger-2024-03-07 13:25:30,482-Some add_product error
ERROR:products_logger-2024-03-07 13:25:33,669-Some add_product error
ERROR:products_logger-2024-03-07 13:25:39,110-Some add_product error
ERROR:products_logger-2024-03-07 13:25:47,645-Some add_product error
ERROR:products_logger-2024-03-07 13:26:08,101-Some add_product error
ERROR:products_logger-2024-03-07 13:26:10,103-Some add_product error
ERROR:products_logger-2024-03-07 13:26:47,498-Some add_product error
ERROR:products_logger-2024-03-07 13:27:59,585-Some add_product error
ERROR:products_logger-2024-03-07 14:02:57,491-Some update_product error
ERROR:products_logger-2024-03-07 14:04:50,225-Some add_product error
ERROR:products_logger-2024-03-07 14:08:17,919-Some add_product error
ERROR:products_logger-2024-03-07 14:09:18,538-Some add_product error
ERROR:products_logger-2024-03-07 14:09:55,913-Some add_product error
ERROR:products_logger-2024-03-07 14:32:21,959-Some add_category error
